#
# There is insufficient memory for the Java Runtime Environment to continue.
# Native memory allocation (mmap) failed to map 536870912 bytes for Failed to commit area from 0x0000000601200000 to 0x0000000621200000 of length 536870912.
# Possible reasons:
#   The system is out of physical RAM or swap space
#   The process is running with CompressedOops enabled, and the Java Heap may be blocking the growth of the native heap
# Possible solutions:
#   Reduce memory load on the system
#   Increase physical memory or swap space
#   Check if swap backing store is full
#   Decrease Java heap size (-Xmx/-Xms)
#   Decrease number of Java threads
#   Decrease Java thread stack sizes (-Xss)
#   Set larger code cache with -XX:ReservedCodeCacheSize=
# This output file may be truncated or incomplete.
#
#  Out of Memory Error (t:/workspace/open/src/hotspot/os/windows/os_windows.cpp:3301), pid=4176, tid=20612
#
# JRE version:  (13.0.1+9) (build )
# Java VM: OpenJDK 64-Bit Server VM (13.0.1+9, mixed mode, sharing, tiered, compressed oops, g1 gc, windows-amd64)
# No core dump will be written. Minidumps are not enabled by default on client versions of Windows
#

---------------  S U M M A R Y ------------

Command Line: -agentlib:jdwp=transport=dt_socket,suspend=y,address=localhost:59769 -javaagent:C:\java\eclipse\configuration\org.eclipse.osgi\225\0\.cp\lib\javaagent-shaded.jar -Dfile.encoding=Cp1252 gus.game5.main.game.madvirus.GameMadVirus

Host: Intel(R) Core(TM) i7-6700HQ CPU @ 2.60GHz, 8 cores, 31G,  Windows 10 , 64 bit Build 19041 (10.0.19041.3636)
Time: Sat Jun  1 10:28:05 2024 Paris, Madrid (heure d’été) elapsed time: 0 seconds (0d 0h 0m 0s)

---------------  T H R E A D  ---------------

Current thread (0x000001fdc98e9800):  JavaThread "Unknown thread" [_thread_in_vm, id=20612, stack(0x00000081d6000000,0x00000081d6100000)]

Stack: [0x00000081d6000000,0x00000081d6100000]
Native frames: (J=compiled Java code, j=interpreted, Vv=VM code, C=native code)
V  [jvm.dll+0x626eca]
V  [jvm.dll+0x772c6a]
V  [jvm.dll+0x77441f]
V  [jvm.dll+0x774a23]
V  [jvm.dll+0x24da58]
V  [jvm.dll+0x62438a]
V  [jvm.dll+0x618f75]
V  [jvm.dll+0x30c61c]
V  [jvm.dll+0x30c452]
V  [jvm.dll+0x311bc6]
V  [jvm.dll+0x355ce6]
V  [jvm.dll+0x3554c0]
V  [jvm.dll+0x2e729a]
V  [jvm.dll+0x2e8532]
V  [jvm.dll+0x74fcd8]
V  [jvm.dll+0x363739]
V  [jvm.dll+0x732dc5]
V  [jvm.dll+0x3ce2ef]
V  [jvm.dll+0x3d0611]
C  [jli.dll+0x51ff]
C  [ucrtbase.dll+0x21bb2]
C  [KERNEL32.DLL+0x17344]
C  [ntdll.dll+0x526b1]


---------------  P R O C E S S  ---------------

Threads class SMR info:
_java_thread_list=0x00007ffa4bd346b8, length=0, elements={
}

Java Threads: ( => current thread )

Other Threads:
  0x000001fdc996f800 GCTaskThread "GC Thread#0" [stack: 0x00000081d6100000,0x00000081d6200000] [id=18976]
  0x000001fdc9993800 ConcurrentGCThread "G1 Main Marker" [stack: 0x00000081d6200000,0x00000081d6300000] [id=1612]
  0x000001fdc9995800 ConcurrentGCThread "G1 Conc#0" [stack: 0x00000081d6300000,0x00000081d6400000] [id=18960]

[error occurred during error reporting (printing all threads), id 0xc0000005, EXCEPTION_ACCESS_VIOLATION (0xc0000005) at pc=0x00007ffa4b566f67]

VM state:not at safepoint (not fully initialized)

VM Mutex/Monitor currently owned by a thread:  ([mutex/lock_event])
[0x000001fdc98e6ae0] Heap_lock - owner thread: 0x000001fdc98e9800

Heap address: 0x0000000601200000, size: 8174 MB, Compressed Oops mode: Non-zero based: 0x0000000601200000
Narrow klass base: 0x0000000000000000, Narrow klass shift: 0

GC Heap History (0 events):
No events

Deoptimization events (0 events):
No events

Classes unloaded (0 events):
No events

Classes redefined (0 events):
No events

Internal exceptions (0 events):
No events

Events (2 events):
Event: 0.032 Loaded shared library C:\java\jdk-13.0.1\bin\zip.dll
Event: 0.034 Loaded shared library C:\java\jdk-13.0.1\bin\jimage.dll


Dynamic libraries:
0x00007ff630bb0000 - 0x00007ff630bbd000 	C:\java\jdk-13.0.1\bin\javaw.exe
0x00007ffab8b10000 - 0x00007ffab8d08000 	C:\WINDOWS\SYSTEM32\ntdll.dll
0x00007ffa77350000 - 0x00007ffa77369000 	C:\Program Files\AVAST Software\Avast\aswhook.dll
0x00007ffab70c0000 - 0x00007ffab717d000 	C:\WINDOWS\System32\KERNEL32.DLL
0x00007ffab6500000 - 0x00007ffab67f6000 	C:\WINDOWS\System32\KERNELBASE.dll
0x00007ffab68f0000 - 0x00007ffab69f0000 	C:\WINDOWS\System32\ucrtbase.dll
0x00007ffa99b20000 - 0x00007ffa99b38000 	C:\java\jdk-13.0.1\bin\jli.dll
0x00007ffa99b40000 - 0x00007ffa99b55000 	C:\java\jdk-13.0.1\bin\VCRUNTIME140.dll
0x00007ffab6c90000 - 0x00007ffab6e2f000 	C:\WINDOWS\System32\USER32.dll
0x00007ffab6b10000 - 0x00007ffab6b32000 	C:\WINDOWS\System32\win32u.dll
0x00007ffab7180000 - 0x00007ffab71ab000 	C:\WINDOWS\System32\GDI32.dll
0x00007ffaa2a10000 - 0x00007ffaa2caa000 	C:\WINDOWS\WinSxS\amd64_microsoft.windows.common-controls_6595b64144ccf1df_6.0.19041.4355_none_60b8b9eb71f62e16\COMCTL32.dll
0x00007ffab69f0000 - 0x00007ffab6b07000 	C:\WINDOWS\System32\gdi32full.dll
0x00007ffab88f0000 - 0x00007ffab898e000 	C:\WINDOWS\System32\msvcrt.dll
0x00007ffab63b0000 - 0x00007ffab644d000 	C:\WINDOWS\System32\msvcp_win.dll
0x00007ffab6be0000 - 0x00007ffab6c12000 	C:\WINDOWS\System32\IMM32.DLL
0x00007ffa991f0000 - 0x00007ffa9928b000 	C:\java\jdk-13.0.1\bin\msvcp140.dll
0x00007ffa4b270000 - 0x00007ffa4bdd6000 	C:\java\jdk-13.0.1\bin\server\jvm.dll
0x00007ffab87e0000 - 0x00007ffab8890000 	C:\WINDOWS\System32\ADVAPI32.dll
0x00007ffab6b40000 - 0x00007ffab6be0000 	C:\WINDOWS\System32\sechost.dll
0x00007ffab7890000 - 0x00007ffab79b3000 	C:\WINDOWS\System32\RPCRT4.dll
0x00007ffab6800000 - 0x00007ffab6827000 	C:\WINDOWS\System32\bcrypt.dll
0x00007ffab6c80000 - 0x00007ffab6c88000 	C:\WINDOWS\System32\PSAPI.DLL
0x00007ffaa3270000 - 0x00007ffaa3279000 	C:\WINDOWS\SYSTEM32\WSOCK32.dll
0x00007ffaa5e90000 - 0x00007ffaa5eb7000 	C:\WINDOWS\SYSTEM32\WINMM.dll
0x00007ffab09f0000 - 0x00007ffab09fa000 	C:\WINDOWS\SYSTEM32\VERSION.dll
0x00007ffab73b0000 - 0x00007ffab741b000 	C:\WINDOWS\System32\WS2_32.dll
0x00007ffab49e0000 - 0x00007ffab49f2000 	C:\WINDOWS\SYSTEM32\kernel.appcore.dll
0x00007ffab1440000 - 0x00007ffab1450000 	C:\java\jdk-13.0.1\bin\verify.dll
0x00007ffaabcc0000 - 0x00007ffaabea4000 	C:\WINDOWS\SYSTEM32\DBGHELP.DLL
0x00007ffaaba30000 - 0x00007ffaaba64000 	C:\WINDOWS\SYSTEM32\dbgcore.DLL
0x00007ffab6320000 - 0x00007ffab63a2000 	C:\WINDOWS\System32\bcryptPrimitives.dll
0x00007ffa99af0000 - 0x00007ffa99b16000 	C:\java\jdk-13.0.1\bin\java.dll
0x00007ffa99ab0000 - 0x00007ffa99ae8000 	C:\java\jdk-13.0.1\bin\jdwp.dll
0x00007ffab1200000 - 0x00007ffab120e000 	C:\java\jdk-13.0.1\bin\instrument.dll
0x00007ffa99850000 - 0x00007ffa99867000 	C:\java\jdk-13.0.1\bin\zip.dll
0x00007ffaa4960000 - 0x00007ffaa496a000 	C:\java\jdk-13.0.1\bin\jimage.dll

dbghelp: loaded successfully - version: 4.0.5 - missing functions: none
symbol engine: initialized successfully - sym options: 0x614 - pdb path: .;C:\java\jdk-13.0.1\bin;C:\WINDOWS\SYSTEM32;C:\Program Files\AVAST Software\Avast;C:\WINDOWS\WinSxS\amd64_microsoft.windows.common-controls_6595b64144ccf1df_6.0.19041.4355_none_60b8b9eb71f62e16;C:\java\jdk-13.0.1\bin\server

VM Arguments:
jvm_args: -agentlib:jdwp=transport=dt_socket,suspend=y,address=localhost:59769 -javaagent:C:\java\eclipse\configuration\org.eclipse.osgi\225\0\.cp\lib\javaagent-shaded.jar -Dfile.encoding=Cp1252 
java_command: gus.game5.main.game.madvirus.GameMadVirus
java_class_path (initial): C:\GUS\WORKSPACES\eclipse\gusgame\bin
Launcher Type: SUN_STANDARD

[Global flags]
     intx CICompilerCount                          = 4                                         {product} {ergonomic}
     uint ConcGCThreads                            = 2                                         {product} {ergonomic}
     uint G1ConcRefinementThreads                  = 8                                         {product} {ergonomic}
   size_t G1HeapRegionSize                         = 2097152                                   {product} {ergonomic}
    uintx GCDrainStackTargetSize                   = 64                                        {product} {ergonomic}
   size_t InitialHeapSize                          = 536870912                                 {product} {ergonomic}
   size_t MarkStackSize                            = 4194304                                   {product} {ergonomic}
   size_t MaxHeapSize                              = 8571060224                                {product} {ergonomic}
   size_t MinHeapDeltaBytes                        = 2097152                                   {product} {ergonomic}
   size_t MinHeapSize                              = 8388608                                   {product} {ergonomic}
    uintx NonNMethodCodeHeapSize                   = 5836300                                {pd product} {ergonomic}
    uintx NonProfiledCodeHeapSize                  = 122910970                              {pd product} {ergonomic}
    uintx ProfiledCodeHeapSize                     = 122910970                              {pd product} {ergonomic}
    uintx ReservedCodeCacheSize                    = 251658240                              {pd product} {ergonomic}
     bool SegmentedCodeCache                       = true                                      {product} {ergonomic}
   size_t SoftMaxHeapSize                          = 8571060224                             {manageable} {ergonomic}
     bool UseCompressedClassPointers               = true                                 {lp64_product} {ergonomic}
     bool UseCompressedOops                        = true                                 {lp64_product} {ergonomic}
     bool UseG1GC                                  = true                                      {product} {ergonomic}
     bool UseLargePagesIndividualAllocation        = false                                  {pd product} {ergonomic}

Logging:
Log output configuration:
 #0: stdout all=warning uptime,level,tags
 #1: stderr all=off uptime,level,tags

Environment Variables:
JAVA_HOME=C:\Program Files\Java\jdk-13.0.2
PATH=C:\Program Files\Common Files\Oracle\Java\javapath;C:\ProgramData\Oracle\Java\javapath;C:\Program Files\Java\jdk-13.0.2\bin;C:\Program Files\ImageMagick-7.0.7-Q16;C:\Program Files\NVIDIA GPU Computing Toolkit\CUDA\v8.0\bin;C:\Program Files\NVIDIA GPU Computing Toolkit\CUDA\v8.0\libnvvp;C:\Program Files\ImageMagick-6.9.3-Q16;C:\Windows\system32;C:\Windows;C:\Windows\System32\Wbem;C:\Windows\System32\WindowsPowerShell\v1.0\;C:\Program Files (x86)\NVIDIA Corporation\PhysX\Common;C:\WINDOWS\system32;C:\WINDOWS;C:\WINDOWS\System32\Wbem;C:\WINDOWS\System32\WindowsPowerShell\v1.0\;C:\Program Files (x86)\QuickTime\QTSystem\;C:\Program Files (x86)\Windows Live\Shared;C:\Program Files\PuTTY\;C:\WINDOWS\system32;C:\WINDOWS;C:\WINDOWS\System32\Wbem;C:\WINDOWS\System32\WindowsPowerShell\v1.0\;C:\Program Files\Amazon\AWSCLI\;C:\WINDOWS\System32\OpenSSH\;C:\PostgreSQL\pg10\bin;C:\Program Files (x86)\Common Files\DivX Shared\DesktopService;C:\Program Files\NVIDIA Corporation\NVIDIA NvDLISR;C:\Program Files\Git\cmd;C:\Users\user\AppData\Local\Programs\Python\Python37-32\Scripts\;C:\Users\user\AppData\Local\Programs\Python\Python37-32\;C:\Program Files\Intel\WiFi\bin\;C:\Program Files\Common Files\Intel\WirelessCommon\;C:\Program Files\Git\bin\;C:\GUS\GUS06\root\project\gusexplorer\deploy\;C:\Users\user\AppData\Local\Microsoft\WindowsApps;C:\Program Files (x86)\Microsoft VS Code\bin;C:\Users\user\AppData\Local\Programs\Python\Python36;C:\cuda\bin;C:\Program Files\Amazon\AWSCLI\;C:\Users\user\AppData\Local\Microsoft\WindowsApps;C:\Users\user\AppData\Local\Tesseract-OCR;C:\Windows\System32;
USERNAME=user
OS=Windows_NT
PROCESSOR_IDENTIFIER=Intel64 Family 6 Model 94 Stepping 3, GenuineIntel



---------------  S Y S T E M  ---------------

OS: Windows 10 , 64 bit Build 19041 (10.0.19041.3636)

CPU:total 8 (initial active 8) (4 cores per cpu, 2 threads per core) family 6 model 94 stepping 3, cmov, cx8, fxsr, mmx, sse, sse2, sse3, ssse3, sse4.1, sse4.2, popcnt, avx, avx2, aes, clmul, erms, rtm, 3dnowpref, lzcnt, ht, tsc, tscinvbit, bmi1, bmi2, adx, fma

Memory: 4k page, system-wide physical 32688M (18107M free)
TotalPageFile size 44974M (AvailPageFile size 12M)
current process WorkingSet (physical memory assigned to process): 11M, peak: 11M
current process commit charge ("private bytes"): 61M, peak: 573M

vm_info: OpenJDK 64-Bit Server VM (13.0.1+9) for windows-amd64 JRE (13.0.1+9), built on Oct  6 2019 12:39:43 by "mach5one" with unknown MS VC++:1916

END.
